<?xml version="1.0" encoding="UTF-8"?>
<!-- Generated by org.testng.reporters.JUnitXMLReporter -->
<testsuite hostname="DESKTOP-27L8JE7" ignored="0" name="Test" tests="4" failures="0" timestamp="2020-08-24T20:32:15 IST" time="48.573" errors="0">
  <testcase name="checkboxTest" time="0.191" classname="com.project.AugustMaven8PMBatch.CheckBox1"/>
  <testcase name="linktesting1" time="1.937" classname="com.project.AugustMaven8PMBatch.LinksTesting1"/>
  <testcase name="radioButtonTest" time="4.807" classname="com.project.AugustMaven8PMBatch.RadioButton1"/>
  <testcase name="amazon" time="8.727" classname="com.project.AugustMaven8PMBatch.TNG_002"/>
</testsuite> <!-- Test -->
