<?xml version="1.0" encoding="UTF-8"?>
<!-- Generated by org.testng.reporters.JUnitXMLReporter -->
<testsuite hostname="DESKTOP-27L8JE7" ignored="1" name="Default test" tests="2" failures="0" timestamp="2020-08-11T20:55:09 IST" time="0.163" errors="0">
  <testcase name="f" time="0.02" classname="com.project.AugustMaven8PMBatch.TNG_001"/>
  <testcase name="a" time="0.003" classname="com.project.AugustMaven8PMBatch.TNG_001"/>
  <testcase name="z" time="0.0" classname="com.project.AugustMaven8PMBatch.TNG_001">
    <ignored/>
  </testcase> <!-- z -->
</testsuite> <!-- Default test -->
