<?xml version="1.0" encoding="UTF-8"?>
<!-- Generated by org.testng.reporters.JUnitXMLReporter -->
<testsuite hostname="DESKTOP-27L8JE7" ignored="0" name="DemoTest" tests="4" failures="0" timestamp="11 Jun 2020 10:05:16 GMT" time="54.106" errors="0">
  <testcase name="amazon" time="6.892" classname="com.project.MavenProject3PMBatch1.TC_002"/>
  <testcase name="checkboxTest" time="4.606" classname="com.project.MavenProject3PMBatch1.CheckBox1"/>
  <testcase name="radioButton1" time="4.802" classname="com.project.MavenProject3PMBatch1.RadioButton1"/>
  <testcase name="linktesting1" time="1.67" classname="com.project.MavenProject3PMBatch1.LinksTesting1"/>
</testsuite> <!-- DemoTest -->
