<?xml version="1.0" encoding="UTF-8"?>
<testng-results skipped="0" failed="0" ignored="0" total="1" passed="1">
  <reporter-output>
  </reporter-output>
  <suite name="Suite" duration-ms="15692" started-at="2020-07-07T15:50:08 IST" finished-at="2020-07-07T15:50:24 IST">
    <groups>
    </groups>
    <test name="Test" duration-ms="15692" started-at="2020-07-07T15:50:08 IST" finished-at="2020-07-07T15:50:24 IST">
      <class name="pageObjectmodel.POM">
        <test-method status="PASS" signature="startprocess(java.lang.String)[pri:0, instance:pageObjectmodel.POM@394e1a0f]" name="startprocess" is-config="true" duration-ms="9067" started-at="2020-07-07T15:50:08 IST" finished-at="2020-07-07T15:50:17 IST">
          <params>
            <param index="0">
              <value>
                <![CDATA[chrome]]>
              </value>
            </param>
          </params>
          <reporter-output>
          </reporter-output>
        </test-method> <!-- startprocess -->
        <test-method status="PASS" signature="login()[pri:0, instance:pageObjectmodel.POM@394e1a0f]" name="login" duration-ms="6515" started-at="2020-07-07T15:50:17 IST" finished-at="2020-07-07T15:50:24 IST">
          <reporter-output>
          </reporter-output>
        </test-method> <!-- login -->
        <test-method status="PASS" signature="endProcess()[pri:0, instance:pageObjectmodel.POM@394e1a0f]" name="endProcess" is-config="true" duration-ms="0" started-at="2020-07-07T15:50:24 IST" finished-at="2020-07-07T15:50:24 IST">
          <reporter-output>
          </reporter-output>
        </test-method> <!-- endProcess -->
      </class> <!-- pageObjectmodel.POM -->
    </test> <!-- Test -->
  </suite> <!-- Suite -->
</testng-results>
