<?xml version="1.0" encoding="UTF-8"?>
<testng-results skipped="0" failed="0" ignored="0" total="1" passed="1">
  <reporter-output>
  </reporter-output>
  <suite name="Default suite" duration-ms="1602" started-at="2020-10-07T15:18:01Z" finished-at="2020-10-07T15:18:02Z">
    <groups>
    </groups>
    <test name="Default test" duration-ms="1602" started-at="2020-10-07T15:18:01Z" finished-at="2020-10-07T15:18:02Z">
      <class name="com.project.MiniHybridFramework.SuiteA.LoginTest">
        <test-method status="PASS" signature="init()[pri:0, instance:com.project.MiniHybridFramework.SuiteA.LoginTest@f2f2cc1]" name="init" is-config="true" duration-ms="1523" started-at="2020-10-07T15:18:01Z" finished-at="2020-10-07T15:18:02Z">
          <reporter-output>
          </reporter-output>
        </test-method> <!-- init -->
        <test-method status="PASS" signature="f()[pri:0, instance:com.project.MiniHybridFramework.SuiteA.LoginTest@f2f2cc1]" name="f" duration-ms="8" started-at="2020-10-07T15:18:02Z" finished-at="2020-10-07T15:18:02Z">
          <reporter-output>
          </reporter-output>
        </test-method> <!-- f -->
        <test-method status="PASS" signature="end()[pri:0, instance:com.project.MiniHybridFramework.SuiteA.LoginTest@f2f2cc1]" name="end" is-config="true" duration-ms="1" started-at="2020-10-07T15:18:02Z" finished-at="2020-10-07T15:18:02Z">
          <reporter-output>
          </reporter-output>
        </test-method> <!-- end -->
      </class> <!-- com.project.MiniHybridFramework.SuiteA.LoginTest -->
    </test> <!-- Default test -->
  </suite> <!-- Default suite -->
</testng-results>
