<?xml version="1.0" encoding="UTF-8"?>
<!-- Generated by org.testng.reporters.JUnitXMLReporter -->
<testsuite hostname="DESKTOP-27L8JE7" ignored="0" name="AutomationTest" tests="5" failures="0" timestamp="2020-08-12T21:07:57 IST" time="79.504" errors="0">
  <testcase name="checkboxTest" time="5.246" classname="com.project.AugustMaven8PMBatch.CheckBox1"/>
  <testcase name="linktesting1" time="1.903" classname="com.project.AugustMaven8PMBatch.LinksTesting1"/>
  <testcase name="radioButtonTest" time="3.223" classname="com.project.AugustMaven8PMBatch.RadioButton1"/>
  <testcase name="amazon" time="9.802" classname="com.project.AugustMaven8PMBatch.TNG_002"/>
  <testcase name="amazon1" time="0.002" classname="com.project.AugustMaven8PMBatch.TNG_002"/>
</testsuite> <!-- AutomationTest -->
