<?xml version="1.0" encoding="UTF-8"?>
<!-- Generated by org.testng.reporters.JUnitXMLReporter -->
<testsuite hostname="DESKTOP-27L8JE7" ignored="3" name="ChromeTest" tests="2" failures="2" timestamp="2020-08-24T20:22:43 IST" time="3.25" errors="0">
  <testcase name="checkboxTest" time="0.025" classname="com.project.AugustMaven8PMBatch.CheckBox1">
    <failure type="java.lang.NullPointerException">
      <![CDATA[java.lang.NullPointerException
at com.project.AugustMaven8PMBatch.CheckBox1.checkboxTest(CheckBox1.java:36)
at java.util.ArrayList.forEach(Unknown Source)
... Removed 27 stack frames]]>
    </failure>
  </testcase> <!-- checkboxTest -->
  <testcase name="radioButtonTest" time="3.017" classname="com.project.AugustMaven8PMBatch.RadioButton1">
    <failure type="java.lang.NullPointerException">
      <![CDATA[java.lang.NullPointerException
at com.project.AugustMaven8PMBatch.RadioButton1.radioButtonTest(RadioButton1.java:38)
at java.util.ArrayList.forEach(Unknown Source)
... Removed 27 stack frames]]>
    </failure>
  </testcase> <!-- radioButtonTest -->
  <testcase name="linktesting1" time="0.0" classname="com.project.AugustMaven8PMBatch.LinksTesting1">
    <ignored/>
  </testcase> <!-- linktesting1 -->
  <testcase name="amazon" time="0.0" classname="com.project.AugustMaven8PMBatch.TNG_002">
    <ignored/>
  </testcase> <!-- amazon -->
  <testcase name="amazon1" time="0.0" classname="com.project.AugustMaven8PMBatch.TNG_002">
    <ignored/>
  </testcase> <!-- amazon1 -->
</testsuite> <!-- ChromeTest -->
