<?xml version="1.0" encoding="UTF-8"?>
<testng-results skipped="0" failed="0" ignored="0" total="1" passed="1">
  <reporter-output>
  </reporter-output>
  <suite name="Default suite" duration-ms="18537" started-at="2020-09-14T20:46:59 IST" finished-at="2020-09-14T20:47:17 IST">
    <groups>
    </groups>
    <test name="Default test" duration-ms="18537" started-at="2020-09-14T20:46:59 IST" finished-at="2020-09-14T20:47:17 IST">
      <class name="switchings.AlertHandling">
        <test-method status="PASS" signature="beforeMethod()[pri:0, instance:switchings.AlertHandling@23faf8f2]" name="beforeMethod" is-config="true" duration-ms="12711" started-at="2020-09-14T20:46:59 IST" finished-at="2020-09-14T20:47:12 IST">
          <reporter-output>
          </reporter-output>
        </test-method> <!-- beforeMethod -->
        <test-method status="PASS" signature="f()[pri:0, instance:switchings.AlertHandling@23faf8f2]" name="f" duration-ms="5694" started-at="2020-09-14T20:47:12 IST" finished-at="2020-09-14T20:47:17 IST">
          <reporter-output>
          </reporter-output>
        </test-method> <!-- f -->
        <test-method status="PASS" signature="afterMethod()[pri:0, instance:switchings.AlertHandling@23faf8f2]" name="afterMethod" is-config="true" duration-ms="0" started-at="2020-09-14T20:47:17 IST" finished-at="2020-09-14T20:47:17 IST">
          <reporter-output>
          </reporter-output>
        </test-method> <!-- afterMethod -->
      </class> <!-- switchings.AlertHandling -->
    </test> <!-- Default test -->
  </suite> <!-- Default suite -->
</testng-results>
