<?xml version="1.0" encoding="UTF-8"?>
<testng-results skipped="0" failed="0" ignored="0" total="2" passed="2">
  <reporter-output>
  </reporter-output>
  <suite name="Suite" duration-ms="132" started-at="2020-08-14T20:42:43 IST" finished-at="2020-08-14T20:42:43 IST">
    <groups>
    </groups>
    <test name="Test" duration-ms="132" started-at="2020-08-14T20:42:43 IST" finished-at="2020-08-14T20:42:43 IST">
      <class name="parallel.ClassTwo">
        <test-method status="PASS" signature="beforeMethod()[pri:0, instance:parallel.ClassTwo@6737fd8f]" name="beforeMethod" is-config="true" duration-ms="14" started-at="2020-08-14T20:42:43 IST" finished-at="2020-08-14T20:42:43 IST">
          <reporter-output>
          </reporter-output>
        </test-method> <!-- beforeMethod -->
        <test-method status="PASS" signature="f()[pri:0, instance:parallel.ClassTwo@6737fd8f]" name="f" duration-ms="16" started-at="2020-08-14T20:42:43 IST" finished-at="2020-08-14T20:42:43 IST">
          <reporter-output>
          </reporter-output>
        </test-method> <!-- f -->
        <test-method status="PASS" signature="afterMethod()[pri:0, instance:parallel.ClassTwo@6737fd8f]" name="afterMethod" is-config="true" duration-ms="1" started-at="2020-08-14T20:42:43 IST" finished-at="2020-08-14T20:42:43 IST">
          <reporter-output>
          </reporter-output>
        </test-method> <!-- afterMethod -->
      </class> <!-- parallel.ClassTwo -->
      <class name="parallel.ClassOne">
        <test-method status="PASS" signature="beforeMethod()[pri:0, instance:parallel.ClassOne@72b6cbcc]" name="beforeMethod" is-config="true" duration-ms="14" started-at="2020-08-14T20:42:43 IST" finished-at="2020-08-14T20:42:43 IST">
          <reporter-output>
          </reporter-output>
        </test-method> <!-- beforeMethod -->
        <test-method status="PASS" signature="f()[pri:0, instance:parallel.ClassOne@72b6cbcc]" name="f" duration-ms="19" started-at="2020-08-14T20:42:43 IST" finished-at="2020-08-14T20:42:43 IST">
          <reporter-output>
          </reporter-output>
        </test-method> <!-- f -->
        <test-method status="PASS" signature="afterMethod()[pri:0, instance:parallel.ClassOne@72b6cbcc]" name="afterMethod" is-config="true" duration-ms="1" started-at="2020-08-14T20:42:43 IST" finished-at="2020-08-14T20:42:43 IST">
          <reporter-output>
          </reporter-output>
        </test-method> <!-- afterMethod -->
      </class> <!-- parallel.ClassOne -->
    </test> <!-- Test -->
  </suite> <!-- Suite -->
</testng-results>
